[2020-02-27 12:36:13,300] [main] [INFO ] App - Arrancando [Aplicación de Formación]
[2020-02-27 12:36:13,308] [main] [DEBUG] RemoteSender - Lista de commandos [PUT|1|1|438|Camiseta|1|1|500, PUT|1|12|438|Pantalones|1|1|500*1|1|438|Pantalones|1|1|200]
[2020-02-27 12:36:13,308] [main] [INFO ] RemoteSender - Se envía comando [PUT|1|1|438|Camiseta|1|1|500]
[2020-02-27 12:36:13,312] [main] [INFO ] RemoteSender - [OK|[1]]
[2020-02-27 12:36:13,313] [main] [INFO ] RemoteSender - Se envía comando [PUT|1|12|438|Pantalones|1|1|500*1|1|438|Pantalones|1|1|200]
[2020-02-27 12:36:13,313] [main] [INFO ] RemoteSender - [OK|[1]]
[2020-02-27 13:25:59,034] [main] [INFO ] App - Arrancando [Aplicación de Formación]
[2020-02-27 13:25:59,036] [main] [DEBUG] RemoteSender - Lista de commandos [PUT|1|1|438|Camiseta|1|1|500, PUT|1|12|438|Pantalones|1|1|500*1|1|438|Pantalones|1|1|200, INFO|1, INFO|1*2]
[2020-02-27 13:25:59,040] [main] [INFO ] RemoteSender - Se envía comando [PUT|1|1|438|Camiseta|1|1|500]
[2020-02-27 13:25:59,044] [main] [INFO ] RemoteSender - [OK|[1]]
[2020-02-27 13:25:59,044] [main] [INFO ] RemoteSender - Se envía comando [PUT|1|12|438|Pantalones|1|1|500*1|1|438|Pantalones|1|1|200]
[2020-02-27 13:25:59,045] [main] [INFO ] RemoteSender - [OK|[1]]
[2020-02-27 13:25:59,045] [main] [INFO ] RemoteSender - Se envía comando [INFO|1]
[2020-02-27 13:25:59,046] [main] [INFO ] RemoteSender - [STOCK|[null]]
[2020-02-27 13:25:59,046] [main] [INFO ] RemoteSender - Se envía comando [INFO|1*2]
[2020-02-27 13:25:59,046] [main] [INFO ] RemoteSender - [STOCK|[null]]
[2020-02-27 13:26:42,842] [main] [INFO ] App - Arrancando [Aplicación de Formación]
[2020-02-27 13:26:42,856] [main] [DEBUG] RemoteSender - Lista de commandos [PUT|1|1|438|Camiseta|1|1|500, PUT|1|12|438|Pantalones|1|1|500*1|1|438|Pantalones|1|1|200, INFO|1, INFO|1*2]
[2020-02-27 13:26:42,860] [main] [INFO ] RemoteSender - Se envía comando [PUT|1|1|438|Camiseta|1|1|500]
[2020-02-27 13:26:43,005] [main] [INFO ] RemoteSender - [OK|[1]]
[2020-02-27 13:26:43,010] [main] [INFO ] RemoteSender - Se envía comando [PUT|1|12|438|Pantalones|1|1|500*1|1|438|Pantalones|1|1|200]
[2020-02-27 13:26:43,021] [main] [INFO ] RemoteSender - [OK|[1]]
[2020-02-27 13:26:43,027] [main] [INFO ] RemoteSender - Se envía comando [INFO|1]
[2020-02-27 13:45:10,780] [main] [INFO ] App - Arrancando [Aplicación de Formación]
[2020-02-27 13:45:10,782] [main] [DEBUG] RemoteSender - Lista de commandos [PUT|1|1|438|Camiseta|1|1|500, PUT|1|12|438|Pantalones|1|1|500*1|1|438|Pantalones|1|1|200, INFO|438, INFO|438*2]
[2020-02-27 13:45:10,782] [main] [INFO ] RemoteSender - Se envía comando [PUT|1|1|438|Camiseta|1|1|500]
[2020-02-27 13:45:10,786] [main] [INFO ] RemoteSender - [OK|[1]]
[2020-02-27 13:45:10,786] [main] [INFO ] RemoteSender - Se envía comando [PUT|1|12|438|Pantalones|1|1|500*1|1|438|Pantalones|1|1|200]
[2020-02-27 13:45:10,787] [main] [INFO ] RemoteSender - [OK|[1]]
[2020-02-27 13:45:10,788] [main] [INFO ] RemoteSender - Se envía comando [INFO|438]
[2020-02-27 13:45:10,788] [main] [INFO ] RemoteSender - [STOCK|[null]]
[2020-02-27 13:45:10,788] [main] [INFO ] RemoteSender - Se envía comando [INFO|438*2]
[2020-02-27 13:45:10,789] [main] [INFO ] RemoteSender - [STOCK|[null]]
[2020-02-27 13:47:04,417] [main] [INFO ] App - Arrancando [Aplicación de Formación]
[2020-02-27 13:47:04,431] [main] [DEBUG] RemoteSender - Lista de commandos [PUT|1|1|438|Camiseta|1|1|500, PUT|1|12|438|Pantalones|1|1|500*1|1|438|Pantalones|1|1|200, INFO|1, INFO|1*2]
[2020-02-27 13:47:04,436] [main] [INFO ] RemoteSender - Se envía comando [PUT|1|1|438|Camiseta|1|1|500]
[2020-02-27 13:47:04,590] [main] [INFO ] RemoteSender - [OK|[1]]
[2020-02-27 13:47:04,596] [main] [INFO ] RemoteSender - Se envía comando [PUT|1|12|438|Pantalones|1|1|500*1|1|438|Pantalones|1|1|200]
[2020-02-27 13:47:04,607] [main] [INFO ] RemoteSender - [OK|[1]]
[2020-02-27 13:47:04,612] [main] [INFO ] RemoteSender - Se envía comando [INFO|1]
[2020-02-27 13:51:27,477] [main] [INFO ] App - Arrancando [Aplicación de Formación]
[2020-02-27 13:51:27,479] [main] [DEBUG] RemoteSender - Lista de commandos [PUT|1|1|438|Camiseta|1|1|500, PUT|1|12|438|Pantalones|1|1|500*1|1|438|Pantalones|1|1|200, INFO|1, INFO|1*2]
[2020-02-27 13:51:27,480] [main] [INFO ] RemoteSender - Se envía comando [PUT|1|1|438|Camiseta|1|1|500]
[2020-02-27 13:51:27,483] [main] [INFO ] RemoteSender - [OK|[1]]
[2020-02-27 13:51:27,484] [main] [INFO ] RemoteSender - Se envía comando [PUT|1|12|438|Pantalones|1|1|500*1|1|438|Pantalones|1|1|200]
[2020-02-27 13:51:27,484] [main] [INFO ] RemoteSender - [OK|[1]]
[2020-02-27 13:51:27,484] [main] [INFO ] RemoteSender - Se envía comando [INFO|1]
[2020-02-27 13:51:27,485] [main] [INFO ] RemoteSender - [STOCK|[null]]
[2020-02-27 13:51:27,485] [main] [INFO ] RemoteSender - Se envía comando [INFO|1*2]
[2020-02-27 13:51:27,485] [main] [INFO ] RemoteSender - [STOCK|[null]]
[2020-02-27 13:51:48,956] [main] [INFO ] App - Arrancando [Aplicación de Formación]
[2020-02-27 13:51:48,958] [main] [DEBUG] RemoteSender - Lista de commandos [PUT|1|1|438|Camiseta|1|1|500, PUT|1|12|438|Pantalones|1|1|500*1|1|438|Pantalones|1|1|200, INFO|1, INFO|1*2]
[2020-02-27 13:51:48,958] [main] [INFO ] RemoteSender - Se envía comando [PUT|1|1|438|Camiseta|1|1|500]
[2020-02-27 13:51:48,962] [main] [INFO ] RemoteSender - [OK|[1]]
[2020-02-27 13:51:48,962] [main] [INFO ] RemoteSender - Se envía comando [PUT|1|12|438|Pantalones|1|1|500*1|1|438|Pantalones|1|1|200]
[2020-02-27 13:51:48,963] [main] [INFO ] RemoteSender - [OK|[1]]
[2020-02-27 13:51:48,963] [main] [INFO ] RemoteSender - Se envía comando [INFO|1]
[2020-02-27 13:51:48,964] [main] [INFO ] RemoteSender - [STOCK|[null]]
[2020-02-27 13:51:48,964] [main] [INFO ] RemoteSender - Se envía comando [INFO|1*2]
[2020-02-27 13:51:48,965] [main] [INFO ] RemoteSender - [STOCK|[null]]
[2020-02-27 13:52:35,398] [main] [INFO ] App - Arrancando [Aplicación de Formación]
[2020-02-27 13:52:35,412] [main] [DEBUG] RemoteSender - Lista de commandos [PUT|1|1|438|Camiseta|1|1|500, PUT|1|12|438|Pantalones|1|1|500*1|1|438|Pantalones|1|1|200, INFO|1, INFO|1*2]
[2020-02-27 13:52:35,416] [main] [INFO ] RemoteSender - Se envía comando [PUT|1|1|438|Camiseta|1|1|500]
[2020-02-27 13:52:35,569] [main] [INFO ] RemoteSender - [OK|[1]]
[2020-02-27 13:52:35,576] [main] [INFO ] RemoteSender - Se envía comando [PUT|1|12|438|Pantalones|1|1|500*1|1|438|Pantalones|1|1|200]
[2020-02-27 13:52:35,588] [main] [INFO ] RemoteSender - [OK|[1]]
[2020-02-27 13:52:35,594] [main] [INFO ] RemoteSender - Se envía comando [INFO|1]
[2020-02-27 13:54:37,550] [main] [INFO ] App - Arrancando [Aplicación de Formación]
[2020-02-27 13:54:37,564] [main] [DEBUG] RemoteSender - Lista de commandos [PUT|1|1|438|Camiseta|1|1|500, PUT|1|12|438|Pantalones|1|1|500*1|1|438|Pantalones|1|1|200, INFO|1, INFO|1*2]
[2020-02-27 13:54:37,567] [main] [INFO ] RemoteSender - Se envía comando [PUT|1|1|438|Camiseta|1|1|500]
[2020-02-27 13:54:37,722] [main] [INFO ] RemoteSender - [OK|[1]]
[2020-02-27 13:54:37,730] [main] [INFO ] RemoteSender - Se envía comando [PUT|1|12|438|Pantalones|1|1|500*1|1|438|Pantalones|1|1|200]
[2020-02-27 13:54:37,741] [main] [INFO ] RemoteSender - [OK|[1]]
[2020-02-27 13:54:37,746] [main] [INFO ] RemoteSender - Se envía comando [INFO|1]
[2020-02-27 13:55:43,192] [main] [INFO ] App - Arrancando [Aplicación de Formación]
[2020-02-27 13:55:43,194] [main] [DEBUG] RemoteSender - Lista de commandos [PUT|1|1|438|Camiseta|1|1|500, PUT|1|12|438|Pantalones|1|1|500*1|1|438|Pantalones|1|1|200, INFO|1, INFO|1*2]
[2020-02-27 13:55:43,195] [main] [INFO ] RemoteSender - Se envía comando [PUT|1|1|438|Camiseta|1|1|500]
[2020-02-27 13:55:43,198] [main] [INFO ] RemoteSender - [OK|[1]]
[2020-02-27 13:55:43,199] [main] [INFO ] RemoteSender - Se envía comando [PUT|1|12|438|Pantalones|1|1|500*1|1|438|Pantalones|1|1|200]
[2020-02-27 13:55:43,199] [main] [INFO ] RemoteSender - [OK|[1]]
[2020-02-27 13:55:43,199] [main] [INFO ] RemoteSender - Se envía comando [INFO|1]
[2020-02-27 13:55:43,200] [main] [INFO ] RemoteSender - [STOCK|[null]]
[2020-02-27 13:55:43,200] [main] [INFO ] RemoteSender - Se envía comando [INFO|1*2]
[2020-02-27 13:55:43,200] [main] [INFO ] RemoteSender - [STOCK|[null]]
[2020-02-27 13:56:04,463] [main] [INFO ] RemoteSender - [STOCK|[null]]
[2020-02-27 13:56:21,922] [main] [INFO ] App - Arrancando [Aplicación de Formación]
[2020-02-27 13:56:21,937] [main] [DEBUG] RemoteSender - Lista de commandos [PUT|1|1|438|Camiseta|1|1|500, PUT|1|12|438|Pantalones|1|1|500*1|1|438|Pantalones|1|1|200, INFO|1, INFO|1*2]
[2020-02-27 13:56:21,942] [main] [INFO ] RemoteSender - Se envía comando [PUT|1|1|438|Camiseta|1|1|500]
[2020-02-27 13:56:22,088] [main] [INFO ] RemoteSender - [OK|[1]]
[2020-02-27 13:56:22,093] [main] [INFO ] RemoteSender - Se envía comando [PUT|1|12|438|Pantalones|1|1|500*1|1|438|Pantalones|1|1|200]
[2020-02-27 13:56:22,104] [main] [INFO ] RemoteSender - [OK|[1]]
[2020-02-27 13:56:22,109] [main] [INFO ] RemoteSender - Se envía comando [INFO|1]
[2020-02-27 13:57:08,442] [main] [INFO ] App - Arrancando [Aplicación de Formación]
[2020-02-27 13:57:08,446] [main] [DEBUG] RemoteSender - Lista de commandos [PUT|1|1|438|Camiseta|1|1|500, PUT|1|12|438|Pantalones|1|1|500*1|1|438|Pantalones|1|1|200, INFO|438]
[2020-02-27 13:57:08,446] [main] [INFO ] RemoteSender - Se envía comando [PUT|1|1|438|Camiseta|1|1|500]
[2020-02-27 13:57:08,450] [main] [INFO ] RemoteSender - [OK|[1]]
[2020-02-27 13:57:08,450] [main] [INFO ] RemoteSender - Se envía comando [PUT|1|12|438|Pantalones|1|1|500*1|1|438|Pantalones|1|1|200]
[2020-02-27 13:57:08,451] [main] [INFO ] RemoteSender - [OK|[1]]
[2020-02-27 13:57:08,451] [main] [INFO ] RemoteSender - Se envía comando [INFO|438]
[2020-02-27 13:57:08,452] [main] [INFO ] RemoteSender - [STOCK|[null]]
