[2020-02-27 12:36:13,300] [main] [INFO ] Arrancando [Aplicación de Formación]
[2020-02-27 12:36:13,308] [main] [INFO ] Se envía comando [PUT|1|1|438|Camiseta|1|1|500]
[2020-02-27 12:36:13,312] [main] [INFO ] [OK|[1]]
[2020-02-27 12:36:13,313] [main] [INFO ] Se envía comando [PUT|1|12|438|Pantalones|1|1|500*1|1|438|Pantalones|1|1|200]
[2020-02-27 12:36:13,313] [main] [INFO ] [OK|[1]]
[2020-02-27 13:25:59,034] [main] [INFO ] Arrancando [Aplicación de Formación]
[2020-02-27 13:25:59,040] [main] [INFO ] Se envía comando [PUT|1|1|438|Camiseta|1|1|500]
[2020-02-27 13:25:59,044] [main] [INFO ] [OK|[1]]
[2020-02-27 13:25:59,044] [main] [INFO ] Se envía comando [PUT|1|12|438|Pantalones|1|1|500*1|1|438|Pantalones|1|1|200]
[2020-02-27 13:25:59,045] [main] [INFO ] [OK|[1]]
[2020-02-27 13:25:59,045] [main] [INFO ] Se envía comando [INFO|1]
[2020-02-27 13:25:59,046] [main] [INFO ] [STOCK|[null]]
[2020-02-27 13:25:59,046] [main] [INFO ] Se envía comando [INFO|1*2]
[2020-02-27 13:25:59,046] [main] [INFO ] [STOCK|[null]]
[2020-02-27 13:26:42,842] [main] [INFO ] Arrancando [Aplicación de Formación]
[2020-02-27 13:26:42,860] [main] [INFO ] Se envía comando [PUT|1|1|438|Camiseta|1|1|500]
[2020-02-27 13:26:43,005] [main] [INFO ] [OK|[1]]
[2020-02-27 13:26:43,010] [main] [INFO ] Se envía comando [PUT|1|12|438|Pantalones|1|1|500*1|1|438|Pantalones|1|1|200]
[2020-02-27 13:26:43,021] [main] [INFO ] [OK|[1]]
[2020-02-27 13:26:43,027] [main] [INFO ] Se envía comando [INFO|1]
[2020-02-27 13:45:10,780] [main] [INFO ] Arrancando [Aplicación de Formación]
[2020-02-27 13:45:10,782] [main] [INFO ] Se envía comando [PUT|1|1|438|Camiseta|1|1|500]
[2020-02-27 13:45:10,786] [main] [INFO ] [OK|[1]]
[2020-02-27 13:45:10,786] [main] [INFO ] Se envía comando [PUT|1|12|438|Pantalones|1|1|500*1|1|438|Pantalones|1|1|200]
[2020-02-27 13:45:10,787] [main] [INFO ] [OK|[1]]
[2020-02-27 13:45:10,788] [main] [INFO ] Se envía comando [INFO|438]
[2020-02-27 13:45:10,788] [main] [INFO ] [STOCK|[null]]
[2020-02-27 13:45:10,788] [main] [INFO ] Se envía comando [INFO|438*2]
[2020-02-27 13:45:10,789] [main] [INFO ] [STOCK|[null]]
[2020-02-27 13:47:04,417] [main] [INFO ] Arrancando [Aplicación de Formación]
[2020-02-27 13:47:04,436] [main] [INFO ] Se envía comando [PUT|1|1|438|Camiseta|1|1|500]
[2020-02-27 13:47:04,590] [main] [INFO ] [OK|[1]]
[2020-02-27 13:47:04,596] [main] [INFO ] Se envía comando [PUT|1|12|438|Pantalones|1|1|500*1|1|438|Pantalones|1|1|200]
[2020-02-27 13:47:04,607] [main] [INFO ] [OK|[1]]
[2020-02-27 13:47:04,612] [main] [INFO ] Se envía comando [INFO|1]
[2020-02-27 13:51:27,477] [main] [INFO ] Arrancando [Aplicación de Formación]
[2020-02-27 13:51:27,480] [main] [INFO ] Se envía comando [PUT|1|1|438|Camiseta|1|1|500]
[2020-02-27 13:51:27,483] [main] [INFO ] [OK|[1]]
[2020-02-27 13:51:27,484] [main] [INFO ] Se envía comando [PUT|1|12|438|Pantalones|1|1|500*1|1|438|Pantalones|1|1|200]
[2020-02-27 13:51:27,484] [main] [INFO ] [OK|[1]]
[2020-02-27 13:51:27,484] [main] [INFO ] Se envía comando [INFO|1]
[2020-02-27 13:51:27,485] [main] [INFO ] [STOCK|[null]]
[2020-02-27 13:51:27,485] [main] [INFO ] Se envía comando [INFO|1*2]
[2020-02-27 13:51:27,485] [main] [INFO ] [STOCK|[null]]
[2020-02-27 13:51:48,956] [main] [INFO ] Arrancando [Aplicación de Formación]
[2020-02-27 13:51:48,958] [main] [INFO ] Se envía comando [PUT|1|1|438|Camiseta|1|1|500]
[2020-02-27 13:51:48,962] [main] [INFO ] [OK|[1]]
[2020-02-27 13:51:48,962] [main] [INFO ] Se envía comando [PUT|1|12|438|Pantalones|1|1|500*1|1|438|Pantalones|1|1|200]
[2020-02-27 13:51:48,963] [main] [INFO ] [OK|[1]]
[2020-02-27 13:51:48,963] [main] [INFO ] Se envía comando [INFO|1]
[2020-02-27 13:51:48,964] [main] [INFO ] [STOCK|[null]]
[2020-02-27 13:51:48,964] [main] [INFO ] Se envía comando [INFO|1*2]
[2020-02-27 13:51:48,965] [main] [INFO ] [STOCK|[null]]
[2020-02-27 13:52:35,398] [main] [INFO ] Arrancando [Aplicación de Formación]
[2020-02-27 13:52:35,416] [main] [INFO ] Se envía comando [PUT|1|1|438|Camiseta|1|1|500]
[2020-02-27 13:52:35,569] [main] [INFO ] [OK|[1]]
[2020-02-27 13:52:35,576] [main] [INFO ] Se envía comando [PUT|1|12|438|Pantalones|1|1|500*1|1|438|Pantalones|1|1|200]
[2020-02-27 13:52:35,588] [main] [INFO ] [OK|[1]]
[2020-02-27 13:52:35,594] [main] [INFO ] Se envía comando [INFO|1]
[2020-02-27 13:54:37,550] [main] [INFO ] Arrancando [Aplicación de Formación]
[2020-02-27 13:54:37,567] [main] [INFO ] Se envía comando [PUT|1|1|438|Camiseta|1|1|500]
[2020-02-27 13:54:37,722] [main] [INFO ] [OK|[1]]
[2020-02-27 13:54:37,730] [main] [INFO ] Se envía comando [PUT|1|12|438|Pantalones|1|1|500*1|1|438|Pantalones|1|1|200]
[2020-02-27 13:54:37,741] [main] [INFO ] [OK|[1]]
[2020-02-27 13:54:37,746] [main] [INFO ] Se envía comando [INFO|1]
[2020-02-27 13:55:43,192] [main] [INFO ] Arrancando [Aplicación de Formación]
[2020-02-27 13:55:43,195] [main] [INFO ] Se envía comando [PUT|1|1|438|Camiseta|1|1|500]
[2020-02-27 13:55:43,198] [main] [INFO ] [OK|[1]]
[2020-02-27 13:55:43,199] [main] [INFO ] Se envía comando [PUT|1|12|438|Pantalones|1|1|500*1|1|438|Pantalones|1|1|200]
[2020-02-27 13:55:43,199] [main] [INFO ] [OK|[1]]
[2020-02-27 13:55:43,199] [main] [INFO ] Se envía comando [INFO|1]
[2020-02-27 13:55:43,200] [main] [INFO ] [STOCK|[null]]
[2020-02-27 13:55:43,200] [main] [INFO ] Se envía comando [INFO|1*2]
[2020-02-27 13:55:43,200] [main] [INFO ] [STOCK|[null]]
[2020-02-27 13:56:04,463] [main] [INFO ] [STOCK|[null]]
[2020-02-27 13:56:21,922] [main] [INFO ] Arrancando [Aplicación de Formación]
[2020-02-27 13:56:21,942] [main] [INFO ] Se envía comando [PUT|1|1|438|Camiseta|1|1|500]
[2020-02-27 13:56:22,088] [main] [INFO ] [OK|[1]]
[2020-02-27 13:56:22,093] [main] [INFO ] Se envía comando [PUT|1|12|438|Pantalones|1|1|500*1|1|438|Pantalones|1|1|200]
[2020-02-27 13:56:22,104] [main] [INFO ] [OK|[1]]
[2020-02-27 13:56:22,109] [main] [INFO ] Se envía comando [INFO|1]
[2020-02-27 13:57:08,442] [main] [INFO ] Arrancando [Aplicación de Formación]
[2020-02-27 13:57:08,446] [main] [INFO ] Se envía comando [PUT|1|1|438|Camiseta|1|1|500]
[2020-02-27 13:57:08,450] [main] [INFO ] [OK|[1]]
[2020-02-27 13:57:08,450] [main] [INFO ] Se envía comando [PUT|1|12|438|Pantalones|1|1|500*1|1|438|Pantalones|1|1|200]
[2020-02-27 13:57:08,451] [main] [INFO ] [OK|[1]]
[2020-02-27 13:57:08,451] [main] [INFO ] Se envía comando [INFO|438]
[2020-02-27 13:57:08,452] [main] [INFO ] [STOCK|[null]]
[2020-03-02 09:34:56,610] [main] [INFO ] Arrancando [Aplicación de Formación]
[2020-03-02 09:34:56,614] [main] [INFO ] Se envía comando [PUT|1|1|438|Camiseta|1|1|500]
[2020-03-02 09:34:56,620] [main] [INFO ] [OK|[1]]
[2020-03-02 09:34:56,620] [main] [INFO ] Se envía comando [PUT|1|12|438|Pantalones|1|1|500*1|1|438|Pantalones|1|1|200]
[2020-03-02 09:34:56,621] [main] [INFO ] [OK|[1]]
[2020-03-02 09:34:56,621] [main] [INFO ] Se envía comando [INFO|438]
[2020-03-02 09:34:56,622] [main] [INFO ] [STOCK|[Article [vendor=12, id=438, description=Pantalones, colour=BLUE, size=S, stock=5001]]]
[2020-03-02 09:47:26,615] [main] [INFO ] Arrancando [Aplicación de Formación]
[2020-03-02 09:47:26,618] [main] [INFO ] Se envía comando [PUT|1|1|438|Camiseta|1|1|500]
[2020-03-02 09:47:26,623] [main] [INFO ] [OK|[1]]
[2020-03-02 09:47:26,624] [main] [INFO ] Se envía comando [PUT|1|12|438|Pantalones|1|1|500*1|1|438|Pantalones|1|1|200]
[2020-03-02 09:47:26,625] [main] [INFO ] [OK|[1]]
[2020-03-02 09:47:26,625] [main] [INFO ] Se envía comando [INFO|438]
[2020-03-02 09:47:26,625] [main] [INFO ] [STOCK|[Article [vendor=12, id=438, description=Pantalones, colour=BLUE, size=S, stock=5001]]]
[2020-03-02 09:50:11,581] [main] [INFO ] Arrancando [Aplicación de Formación]
[2020-03-02 09:50:11,583] [main] [INFO ] Se envía comando [PUT|1|1|438|Camiseta|1|1|500]
[2020-03-02 09:50:11,589] [main] [INFO ] [OK|[1]]
[2020-03-02 09:50:11,589] [main] [INFO ] Se envía comando [PUT|1|12|438|Pantalones|1|1|500*1|1|438|Pantalones|1|1|200]
[2020-03-02 09:50:11,590] [main] [INFO ] [OK|[1]]
[2020-03-02 09:50:11,591] [main] [INFO ] Se envía comando [INFO|438]
[2020-03-02 09:50:11,591] [main] [INFO ] [STOCK|[Article [vendor=12, id=438, description=Pantalones, colour=BLUE, size=S, stock=10002]]]
[2020-03-02 09:52:13,344] [main] [INFO ] Arrancando [Aplicación de Formación]
[2020-03-02 09:52:13,347] [main] [INFO ] Se envía comando [PUT|1|1|438|Camiseta|1|1|500]
[2020-03-02 09:52:13,352] [main] [INFO ] [OK|[1]]
[2020-03-02 09:52:13,353] [main] [INFO ] Se envía comando [PUT|1|12|438|Pantalones|1|1|500*1|1|438|Pantalones|1|1|200]
[2020-03-02 09:52:13,354] [main] [INFO ] [OK|[1]]
[2020-03-02 09:52:13,354] [main] [INFO ] Se envía comando [INFO|438]
[2020-03-02 09:52:13,355] [main] [INFO ] [STOCK|[Article [vendor=1, id=438, description=Camiseta, colour=BLUE, size=S, stock=500]]]
[2020-03-02 09:53:10,819] [main] [INFO ] Arrancando [Aplicación de Formación]
[2020-03-02 09:53:10,822] [main] [INFO ] Se envía comando [PUT|1|1|438|Camiseta|1|1|500]
[2020-03-02 09:53:10,827] [main] [INFO ] [OK|[1]]
[2020-03-02 09:53:10,827] [main] [INFO ] Se envía comando [PUT|1|12|438|Pantalones|1|1|500*1|1|438|Pantalones|1|1|200]
[2020-03-02 09:53:10,828] [main] [INFO ] [OK|[1]]
[2020-03-02 09:53:10,828] [main] [INFO ] Se envía comando [INFO|438]
[2020-03-02 09:53:10,829] [main] [INFO ] [STOCK|[Article [vendor=1, id=438, description=Camiseta, colour=BLUE, size=S, stock=500]]]
[2020-03-02 09:54:01,075] [main] [INFO ] Arrancando [Aplicación de Formación]
[2020-03-02 09:54:01,077] [main] [INFO ] Se envía comando [PUT|1|1|438|Camiseta|1|1|500]
[2020-03-02 09:54:01,084] [main] [INFO ] [OK|[1]]
[2020-03-02 09:54:01,084] [main] [INFO ] Se envía comando [PUT|1|12|438|Pantalones|1|1|500*1|1|438|Pantalones|1|1|200]
[2020-03-02 09:54:48,043] [main] [INFO ] Arrancando [Aplicación de Formación]
[2020-03-02 09:54:48,046] [main] [INFO ] Se envía comando [PUT|1|1|438|Camiseta|1|1|500]
[2020-03-02 09:54:55,516] [main] [INFO ] Arrancando [Aplicación de Formación]
[2020-03-02 09:54:55,520] [main] [INFO ] Se envía comando [PUT|1|1|438|Camiseta|1|1|500]
[2020-03-02 09:57:14,754] [main] [INFO ] Arrancando [Aplicación de Formación]
[2020-03-02 09:57:14,757] [main] [INFO ] Se envía comando [PUT|1|1|438|Camiseta|1|1|500]
[2020-03-02 09:57:14,764] [main] [INFO ] [OK|[1]]
[2020-03-02 09:57:14,765] [main] [INFO ] Se envía comando [PUT|1|12|438|Pantalones|1|1|500*1|1|438|Pantalones|1|1|200]
[2020-03-02 09:59:54,395] [main] [INFO ] Arrancando [Aplicación de Formación]
[2020-03-02 09:59:54,398] [main] [INFO ] Se envía comando [PUT|1|1|438|Camiseta|1|1|500]
[2020-03-02 09:59:54,406] [main] [INFO ] [OK|[1]]
[2020-03-02 09:59:54,406] [main] [INFO ] Se envía comando [PUT|1|12|438|Pantalones|1|1|500*1|1|438|Pantalones|1|1|200]
[2020-03-02 09:59:54,407] [main] [INFO ] [OK|[1]]
[2020-03-02 09:59:54,407] [main] [INFO ] Se envía comando [INFO|438]
[2020-03-02 09:59:54,408] [main] [INFO ] [STOCK|[Article [vendor=1, id=438, description=Camiseta, colour=BLUE, size=S, stock=500]]]
[2020-03-02 10:01:06,076] [main] [INFO ] Arrancando [Aplicación de Formación]
[2020-03-02 10:01:06,082] [main] [INFO ] Se envía comando [PUT|1|1|438|Camiseta|1|1|500]
[2020-03-02 10:01:06,090] [main] [INFO ] [OK|[1]]
[2020-03-02 10:01:06,091] [main] [INFO ] Se envía comando [PUT|1|12|438|Pantalones|1|1|500*1|1|438|Pantalones|1|1|200]
[2020-03-02 10:01:06,091] [main] [INFO ] [OK|[1]]
[2020-03-02 10:01:06,092] [main] [INFO ] Se envía comando [INFO|438]
[2020-03-02 10:01:06,092] [main] [INFO ] [STOCK|[Article [vendor=1, id=438, description=Camiseta, colour=BLUE, size=S, stock=1000]]]
[2020-03-02 10:02:14,208] [main] [INFO ] Arrancando [Aplicación de Formación]
[2020-03-02 10:02:14,211] [main] [INFO ] Se envía comando [PUT|1|1|438|Camiseta|1|1|500]
[2020-03-02 10:02:14,217] [main] [INFO ] [OK|[1]]
[2020-03-02 10:02:14,217] [main] [INFO ] Se envía comando [PUT|1|12|438|Pantalones|1|1|500*1|1|438|Pantalones|1|1|200]
[2020-03-02 10:02:14,218] [main] [INFO ] [OK|[1]]
[2020-03-02 10:02:14,218] [main] [INFO ] Se envía comando [INFO|438]
[2020-03-02 10:02:14,219] [main] [INFO ] [STOCK|[Article [vendor=1, id=438, description=Camiseta, colour=BLUE, size=S, stock=1000]]]
[2020-03-02 10:03:00,236] [main] [INFO ] Arrancando [Aplicación de Formación]
[2020-03-02 10:03:00,239] [main] [INFO ] Se envía comando [PUT|1|1|438|Camiseta|1|1|500]
[2020-03-02 10:03:41,964] [main] [INFO ] Arrancando [Aplicación de Formación]
[2020-03-02 10:03:41,967] [main] [INFO ] Se envía comando [PUT|1|1|438|Camiseta|1|1|500]
[2020-03-02 10:03:41,974] [main] [INFO ] [OK|[1]]
[2020-03-02 10:03:41,974] [main] [INFO ] Se envía comando [PUT|1|12|438|Pantalones|1|1|500*1|1|438|Pantalones|1|1|200]
[2020-03-02 10:03:41,975] [main] [INFO ] [OK|[1]]
[2020-03-02 10:03:41,975] [main] [INFO ] Se envía comando [INFO|438]
[2020-03-02 10:03:41,976] [main] [INFO ] [STOCK|[Article [vendor=1, id=438, description=Camiseta, colour=BLUE, size=S, stock=1000]]]
[2020-03-02 10:04:48,796] [main] [INFO ] Arrancando [Aplicación de Formación]
[2020-03-02 10:04:48,800] [main] [INFO ] Se envía comando [PUT|1|1|438|Camiseta|1|1|500]
[2020-03-02 10:04:48,807] [main] [INFO ] [OK|[1]]
[2020-03-02 10:04:48,807] [main] [INFO ] Se envía comando [PUT|1|12|438|Pantalones|1|1|800*1|1|438|Pantalones|1|1|200]
[2020-03-02 10:04:48,809] [main] [INFO ] [OK|[1]]
[2020-03-02 10:04:48,810] [main] [INFO ] Se envía comando [INFO|438]
[2020-03-02 10:04:48,813] [main] [INFO ] [STOCK|[Article [vendor=1, id=438, description=Camiseta, colour=BLUE, size=S, stock=1000]]]
[2020-03-02 10:05:01,081] [main] [INFO ] Arrancando [Aplicación de Formación]
[2020-03-02 10:05:01,083] [main] [INFO ] Se envía comando [PUT|1|1|438|Camiseta|1|1|500]
[2020-03-02 10:05:01,089] [main] [INFO ] [OK|[1]]
[2020-03-02 10:05:01,089] [main] [INFO ] Se envía comando [PUT|1|12|438|Pantalones|1|1|800]
[2020-03-02 10:05:01,090] [main] [INFO ] [OK|[1]]
[2020-03-02 10:05:01,090] [main] [INFO ] Se envía comando [INFO|438]
[2020-03-02 10:05:01,091] [main] [INFO ] [STOCK|[Article [vendor=1, id=438, description=Camiseta, colour=BLUE, size=S, stock=1000]]]
[2020-03-02 10:05:12,834] [main] [INFO ] Arrancando [Aplicación de Formación]
[2020-03-02 10:05:12,838] [main] [INFO ] Se envía comando [PUT|1|1|438|Camiseta|1|1|400]
[2020-03-02 10:05:12,848] [main] [INFO ] [OK|[1]]
[2020-03-02 10:05:12,849] [main] [INFO ] Se envía comando [PUT|1|12|438|Pantalones|1|1|800]
[2020-03-02 10:05:12,850] [main] [INFO ] [OK|[1]]
[2020-03-02 10:05:12,851] [main] [INFO ] Se envía comando [INFO|438]
[2020-03-02 10:05:12,852] [main] [INFO ] [STOCK|[Article [vendor=1, id=438, description=Camiseta, colour=BLUE, size=S, stock=800]]]
[2020-03-02 10:17:57,292] [main] [INFO ] Arrancando [Aplicación de Formación]
[2020-03-02 10:17:57,295] [main] [INFO ] Se envía comando [PUT|1|1|438|Camiseta|1|1|500]
[2020-03-02 10:17:57,301] [main] [INFO ] [OK|[1]]
[2020-03-02 10:17:57,301] [main] [INFO ] Se envía comando [PUT|1|12|438|Pantalones|1|1|800*1|1|438|Pantalones|1|1|200]
[2020-03-02 10:17:57,301] [main] [INFO ] [OK|[1]]
[2020-03-02 10:17:57,302] [main] [INFO ] Se envía comando [INFO|438]
[2020-03-02 10:17:57,302] [main] [INFO ] [STOCK|[Article [vendor=1, id=438, description=Camiseta, colour=BLUE, size=S, stock=1000]]]
[2020-03-02 11:11:53,839] [main] [INFO ] Arrancando [Aplicación de Formación]
[2020-03-02 11:11:53,842] [main] [INFO ] Se envía comando [PUT|1|1|438|Camiseta|1|1|500]
[2020-03-02 11:11:53,847] [main] [INFO ] [OK|[1]]
[2020-03-02 11:11:53,847] [main] [INFO ] Se envía comando [PUT|1|12|438|Pantalones|1|1|800*1|1|438|Pantalones|1|1|200]
[2020-03-02 11:11:53,848] [main] [INFO ] [OK|[1]]
[2020-03-02 11:11:53,849] [main] [INFO ] Se envía comando [INFO|438]
[2020-03-02 11:11:53,849] [main] [INFO ] [STOCK|[Article [vendor=1, id=438, description=Camiseta, colour=BLUE, size=S, stock=2000]]]
[2020-03-02 11:13:05,204] [main] [INFO ] Arrancando [Aplicación de Formación]
[2020-03-02 11:13:05,208] [main] [INFO ] Se envía comando [PUT|1|1|438|Camiseta|1|1|500]
[2020-03-02 11:13:05,216] [main] [INFO ] [OK|[1]]
[2020-03-02 11:13:05,217] [main] [INFO ] Se envía comando [PUT|1|12|438|Pantalones|1|1|800*1|1|438|Pantalones|1|1|200]
[2020-03-02 11:13:05,220] [main] [INFO ] [OK|[1]]
[2020-03-02 11:13:05,220] [main] [INFO ] Se envía comando [INFO|438]
[2020-03-02 11:13:05,221] [main] [INFO ] [STOCK|[Article [vendor=1, id=438, description=Camiseta, colour=BLUE, size=S, stock=2000]]]
[2020-03-02 11:17:12,342] [main] [INFO ] Arrancando [Aplicación de Formación]
[2020-03-02 11:17:12,345] [main] [INFO ] Se envía comando [PUT|1|1|438|Camiseta|1|1|500]
[2020-03-02 11:17:12,351] [main] [INFO ] [OK|[1]]
[2020-03-02 11:17:12,351] [main] [INFO ] Se envía comando [PUT|1|12|438|Pantalones|1|1|800*1|1|438|Pantalones|1|1|200]
[2020-03-02 11:17:12,352] [main] [INFO ] [OK|[1]]
[2020-03-02 11:17:12,352] [main] [INFO ] Se envía comando [INFO|438]
[2020-03-02 11:17:12,353] [main] [INFO ] [STOCK|[Article [vendor=1, id=438, description=Camiseta, colour=BLUE, size=S, stock=2000]]]
[2020-03-02 11:18:05,734] [main] [INFO ] Arrancando [Aplicación de Formación]
[2020-03-02 11:18:05,737] [main] [INFO ] Se envía comando [PUT|1|1|438|Camiseta|1|1|500]
[2020-03-02 11:18:05,743] [main] [INFO ] [OK|[1]]
[2020-03-02 11:18:05,744] [main] [INFO ] Se envía comando [PUT|1|12|438|Pantalones|1|1|800*1|1|438|Pantalones|1|1|200]
[2020-03-02 11:18:05,744] [main] [INFO ] [OK|[1]]
[2020-03-02 11:18:05,745] [main] [INFO ] Se envía comando [INFO|438]
[2020-03-02 11:18:05,745] [main] [INFO ] [STOCK|[Article [vendor=1, id=438, description=Camiseta, colour=BLUE, size=S, stock=2000]]]
[2020-03-02 11:19:12,443] [main] [INFO ] Arrancando [Aplicación de Formación]
[2020-03-02 11:19:12,445] [main] [INFO ] Se envía comando [PUT|1|1|438|Camiseta|1|1|500]
[2020-03-02 11:19:12,451] [main] [INFO ] [OK|[1]]
[2020-03-02 11:19:12,451] [main] [INFO ] Se envía comando [PUT|1|12|438|Pantalones|1|1|800*1|1|438|Pantalones|1|1|200]
[2020-03-02 11:19:12,452] [main] [INFO ] [OK|[1]]
[2020-03-02 11:19:12,452] [main] [INFO ] Se envía comando [INFO|438]
[2020-03-02 11:19:12,453] [main] [INFO ] [STOCK|[Article [vendor=1, id=438, description=Camiseta, colour=BLUE, size=S, stock=2000]]]
[2020-03-02 11:19:29,734] [main] [INFO ] Arrancando [Aplicación de Formación]
[2020-03-02 11:19:29,736] [main] [INFO ] Se envía comando [PUT|1|1|438|Camiseta|1|1|500]
[2020-03-02 11:19:29,743] [main] [INFO ] [OK|[1]]
[2020-03-02 11:19:29,743] [main] [INFO ] Se envía comando [PUT|1|12|438|Pantalones|1|1|800*1|1|438|Pantalones|1|1|200]
[2020-03-02 11:19:29,744] [main] [INFO ] [OK|[1]]
[2020-03-02 11:19:29,745] [main] [INFO ] Se envía comando [INFO|438]
[2020-03-02 11:19:29,745] [main] [INFO ] [STOCK|[Article [vendor=1, id=438, description=Camiseta, colour=BLUE, size=S, stock=2000]]]
[2020-03-02 11:21:39,370] [main] [INFO ] Arrancando [Aplicación de Formación]
[2020-03-02 11:21:39,373] [main] [INFO ] Se envía comando [PUT|1|1|438|Camiseta|1|1|500]
[2020-03-02 11:22:22,396] [main] [INFO ] Arrancando [Aplicación de Formación]
[2020-03-02 11:22:22,399] [main] [INFO ] Se envía comando [PUT|1|1|438|Camiseta|1|1|500]
[2020-03-02 11:22:22,406] [main] [INFO ] [OK|[1]]
[2020-03-02 11:22:22,406] [main] [INFO ] Se envía comando [PUT|1|12|438|Pantalones|1|1|800*1|1|438|Pantalones|1|1|200]
[2020-03-02 11:22:22,407] [main] [INFO ] [OK|[1]]
[2020-03-02 11:22:22,407] [main] [INFO ] Se envía comando [INFO|438]
[2020-03-02 11:22:22,408] [main] [INFO ] [STOCK|[Article [vendor=1, id=438, description=Camiseta, colour=BLUE, size=S, stock=2000]]]
[2020-03-02 11:22:24,416] [main] [INFO ] Arrancando [Aplicación de Formación]
[2020-03-02 11:22:24,419] [main] [INFO ] Se envía comando [PUT|1|1|438|Camiseta|1|1|500]
[2020-03-02 11:22:37,542] [main] [INFO ] [OK|[1]]
[2020-03-02 11:22:37,543] [main] [INFO ] Se envía comando [PUT|1|12|438|Pantalones|1|1|800*1|1|438|Pantalones|1|1|200]
[2020-03-02 11:24:51,229] [main] [INFO ] Arrancando [Aplicación de Formación]
[2020-03-02 11:24:51,233] [main] [INFO ] Se envía comando [PUT|1|1|438|Camiseta|1|1|500]
[2020-03-02 11:24:51,239] [main] [INFO ] [OK|[1]]
[2020-03-02 11:24:51,240] [main] [INFO ] Se envía comando [PUT|1|12|438|Pantalones|1|1|800*1|1|438|Pantalones|1|1|200]
[2020-03-02 11:24:51,240] [main] [INFO ] [OK|[1]]
[2020-03-02 11:24:51,241] [main] [INFO ] Se envía comando [INFO|438]
[2020-03-02 11:24:51,241] [main] [INFO ] [STOCK|[Article [vendor=1, id=438, description=Camiseta, colour=BLUE, size=S, stock=500]]]
[2020-03-02 11:25:21,954] [main] [INFO ] Arrancando [Aplicación de Formación]
[2020-03-02 11:25:21,957] [main] [INFO ] Se envía comando [PUT|1|1|438|Camiseta|1|1|500]
[2020-03-02 11:25:21,962] [main] [INFO ] [OK|[1]]
[2020-03-02 11:25:21,962] [main] [INFO ] Se envía comando [PUT|1|12|438|Pantalones|1|1|800*1|1|438|Pantalones|1|1|200]
[2020-03-02 11:25:21,963] [main] [INFO ] [OK|[1]]
[2020-03-02 11:25:21,964] [main] [INFO ] Se envía comando [INFO|438]
[2020-03-02 11:25:21,964] [main] [INFO ] [STOCK|[Article [vendor=1, id=438, description=Camiseta, colour=BLUE, size=S, stock=500]]]
[2020-03-02 11:27:22,117] [main] [INFO ] Arrancando [Aplicación de Formación]
[2020-03-02 11:27:22,120] [main] [INFO ] Se envía comando [PUT|1|1|438|Camiseta|1|1|500]
[2020-03-02 11:27:22,126] [main] [INFO ] [OK|[1]]
[2020-03-02 11:27:22,127] [main] [INFO ] Se envía comando [PUT|1|12|438|Pantalones|1|1|800*1|1|438|Pantalones|1|1|200]
[2020-03-02 11:27:22,128] [main] [INFO ] [OK|[1]]
[2020-03-02 11:27:22,128] [main] [INFO ] Se envía comando [INFO|438]
[2020-03-02 11:27:22,129] [main] [INFO ] [STOCK|[Article [vendor=1, id=438, description=Camiseta, colour=BLUE, size=S, stock=1500]]]
